{"/home/alexey/fullstak/2019-2-Atom-Frontend-A-Lyashenko/atom-mail/convertBytesToHuman.js": {"path":"/home/alexey/fullstak/2019-2-Atom-Frontend-A-Lyashenko/atom-mail/convertBytesToHuman.js","statementMap":{"0":{"start":{"line":17,"column":16},"end":{"line":17,"column":34}},"1":{"start":{"line":18,"column":16},"end":{"line":18,"column":17}},"2":{"start":{"line":19,"column":2},"end":{"line":21,"column":3}},"3":{"start":{"line":20,"column":4},"end":{"line":20,"column":16}},"4":{"start":{"line":22,"column":2},"end":{"line":37,"column":5}},"5":{"start":{"line":24,"column":4},"end":{"line":24,"column":16}},"6":{"start":{"line":27,"column":4},"end":{"line":30,"column":5}},"7":{"start":{"line":28,"column":6},"end":{"line":28,"column":24}},"8":{"start":{"line":29,"column":6},"end":{"line":29,"column":18}},"9":{"start":{"line":31,"column":4},"end":{"line":36,"column":5}},"10":{"start":{"line":32,"column":6},"end":{"line":32,"column":45}},"11":{"start":{"line":35,"column":6},"end":{"line":35,"column":25}}},"fnMap":{"0":{"name":"convertBytesToHuman","decl":{"start":{"line":16,"column":24},"end":{"line":16,"column":43}},"loc":{"start":{"line":16,"column":51},"end":{"line":38,"column":3}},"line":16}},"branchMap":{"0":{"loc":{"start":{"line":19,"column":2},"end":{"line":21,"column":3}},"type":"if","locations":[{"start":{"line":19,"column":2},"end":{"line":21,"column":3}},{"start":{"line":19,"column":2},"end":{"line":21,"column":3}}],"line":19},"1":{"loc":{"start":{"line":22,"column":2},"end":{"line":37,"column":5}},"type":"if","locations":[{"start":{"line":22,"column":2},"end":{"line":37,"column":5}},{"start":{"line":22,"column":2},"end":{"line":37,"column":5}}],"line":22},"2":{"loc":{"start":{"line":22,"column":6},"end":{"line":22,"column":111}},"type":"binary-expr","locations":[{"start":{"line":22,"column":6},"end":{"line":22,"column":30}},{"start":{"line":22,"column":34},"end":{"line":22,"column":43}},{"start":{"line":22,"column":47},"end":{"line":22,"column":74}},{"start":{"line":22,"column":78},"end":{"line":22,"column":90}},{"start":{"line":22,"column":94},"end":{"line":22,"column":111}}],"line":22},"3":{"loc":{"start":{"line":31,"column":4},"end":{"line":36,"column":5}},"type":"if","locations":[{"start":{"line":31,"column":4},"end":{"line":36,"column":5}},{"start":{"line":31,"column":4},"end":{"line":36,"column":5}}],"line":31}},"s":{"0":20,"1":20,"2":20,"3":1,"4":19,"5":8,"6":11,"7":15,"8":15,"9":11,"10":8,"11":3},"f":{"0":20},"b":{"0":[1,19],"1":[8,11],"2":[19,17,15,13,11],"3":[8,3]},"_coverageSchema":"43e27e138ebf9cfc5966b082cf9a028302ed4184","hash":"eb06e7f41299740d51b4ca534313d37542df25b3"}
,"/home/alexey/fullstak/2019-2-Atom-Frontend-A-Lyashenko/atom-mail/correctSentence.js": {"path":"/home/alexey/fullstak/2019-2-Atom-Frontend-A-Lyashenko/atom-mail/correctSentence.js","statementMap":{"0":{"start":{"line":22,"column":12},"end":{"line":22,"column":56}},"1":{"start":{"line":23,"column":2},"end":{"line":28,"column":3}},"2":{"start":{"line":24,"column":4},"end":{"line":24,"column":21}},"3":{"start":{"line":27,"column":4},"end":{"line":27,"column":15}}},"fnMap":{"0":{"name":"correctSentence","decl":{"start":{"line":20,"column":24},"end":{"line":20,"column":39}},"loc":{"start":{"line":20,"column":46},"end":{"line":29,"column":1}},"line":20}},"branchMap":{"0":{"loc":{"start":{"line":23,"column":2},"end":{"line":28,"column":3}},"type":"if","locations":[{"start":{"line":23,"column":2},"end":{"line":28,"column":3}},{"start":{"line":23,"column":2},"end":{"line":28,"column":3}}],"line":23}},"s":{"0":3,"1":3,"2":2,"3":1},"f":{"0":3},"b":{"0":[2,1]},"_coverageSchema":"43e27e138ebf9cfc5966b082cf9a028302ed4184","hash":"14f898bfe90f22e1cd2cdf4a8e520dffedd824f5"}
,"/home/alexey/fullstak/2019-2-Atom-Frontend-A-Lyashenko/atom-mail/nonUniqueElements.js": {"path":"/home/alexey/fullstak/2019-2-Atom-Frontend-A-Lyashenko/atom-mail/nonUniqueElements.js","statementMap":{"0":{"start":{"line":29,"column":19},"end":{"line":29,"column":30}},"1":{"start":{"line":30,"column":18},"end":{"line":30,"column":30}},"2":{"start":{"line":31,"column":16},"end":{"line":31,"column":17}},"3":{"start":{"line":32,"column":2},"end":{"line":42,"column":3}},"4":{"start":{"line":32,"column":15},"end":{"line":32,"column":16}},"5":{"start":{"line":33,"column":21},"end":{"line":33,"column":64}},"6":{"start":{"line":34,"column":22},"end":{"line":34,"column":76}},"7":{"start":{"line":36,"column":4},"end":{"line":41,"column":5}},"8":{"start":{"line":39,"column":6},"end":{"line":39,"column":32}},"9":{"start":{"line":40,"column":6},"end":{"line":40,"column":18}},"10":{"start":{"line":43,"column":2},"end":{"line":43,"column":14}}},"fnMap":{"0":{"name":"nonUniqueElements","decl":{"start":{"line":27,"column":24},"end":{"line":27,"column":41}},"loc":{"start":{"line":27,"column":48},"end":{"line":44,"column":1}},"line":27}},"branchMap":{"0":{"loc":{"start":{"line":36,"column":4},"end":{"line":41,"column":5}},"type":"if","locations":[{"start":{"line":36,"column":4},"end":{"line":41,"column":5}},{"start":{"line":36,"column":4},"end":{"line":41,"column":5}}],"line":36},"1":{"loc":{"start":{"line":36,"column":9},"end":{"line":36,"column":34}},"type":"binary-expr","locations":[{"start":{"line":36,"column":9},"end":{"line":36,"column":19}},{"start":{"line":36,"column":23},"end":{"line":36,"column":34}}],"line":36}},"s":{"0":4,"1":4,"2":4,"3":4,"4":4,"5":21,"6":21,"7":21,"8":7,"9":7,"10":4},"f":{"0":4},"b":{"0":[14,7],"1":[21,12]},"_coverageSchema":"43e27e138ebf9cfc5966b082cf9a028302ed4184","hash":"db03d22179f2732f446910c34703cce019031a99"}
,"/home/alexey/fullstak/2019-2-Atom-Frontend-A-Lyashenko/atom-mail/src/actions/counter.js": {"path":"/home/alexey/fullstak/2019-2-Atom-Frontend-A-Lyashenko/atom-mail/src/actions/counter.js","statementMap":{"0":{"start":{"line":5,"column":22},"end":{"line":5,"column":38}},"1":{"start":{"line":6,"column":2},"end":{"line":6,"column":31}},"2":{"start":{"line":6,"column":25},"end":{"line":6,"column":31}},"3":{"start":{"line":7,"column":2},"end":{"line":7,"column":57}}},"fnMap":{"0":{"name":"incrementIfOdd","decl":{"start":{"line":4,"column":16},"end":{"line":4,"column":30}},"loc":{"start":{"line":4,"column":33},"end":{"line":8,"column":1}},"line":4}},"branchMap":{"0":{"loc":{"start":{"line":6,"column":2},"end":{"line":6,"column":31}},"type":"if","locations":[{"start":{"line":6,"column":2},"end":{"line":6,"column":31}},{"start":{"line":6,"column":2},"end":{"line":6,"column":31}}],"line":6}},"s":{"0":0,"1":0,"2":0,"3":0},"f":{"0":0},"b":{"0":[0,0]},"_coverageSchema":"43e27e138ebf9cfc5966b082cf9a028302ed4184","hash":"172014b6795c80b3ea2949a2d42e0dd288f215d3"}
,"/home/alexey/fullstak/2019-2-Atom-Frontend-A-Lyashenko/atom-mail/src/components/Counter.js": {"path":"/home/alexey/fullstak/2019-2-Atom-Frontend-A-Lyashenko/atom-mail/src/components/Counter.js","statementMap":{"0":{"start":{"line":5,"column":14},"end":{"line":7,"column":1}},"1":{"start":{"line":10,"column":2},"end":{"line":21,"column":3}},"2":{"start":{"line":24,"column":0},"end":{"line":29,"column":1}}},"fnMap":{"0":{"name":"Counter","decl":{"start":{"line":9,"column":9},"end":{"line":9,"column":16}},"loc":{"start":{"line":9,"column":68},"end":{"line":22,"column":1}},"line":9}},"branchMap":{},"s":{"0":1,"1":1,"2":1},"f":{"0":1},"b":{},"_coverageSchema":"43e27e138ebf9cfc5966b082cf9a028302ed4184","hash":"7c574d302a638f2e39b3e9d1a9ad18b4ce130ab2"}
,"/home/alexey/fullstak/2019-2-Atom-Frontend-A-Lyashenko/atom-mail/src/constants/ActionTypes.js": {"path":"/home/alexey/fullstak/2019-2-Atom-Frontend-A-Lyashenko/atom-mail/src/constants/ActionTypes.js","statementMap":{},"fnMap":{},"branchMap":{},"s":{},"f":{},"b":{},"_coverageSchema":"43e27e138ebf9cfc5966b082cf9a028302ed4184","hash":"475718cd8ac3080a140f5b3eb1544b2c6c831e62"}
,"/home/alexey/fullstak/2019-2-Atom-Frontend-A-Lyashenko/atom-mail/src/containers/CounterContainer.js": {"path":"/home/alexey/fullstak/2019-2-Atom-Frontend-A-Lyashenko/atom-mail/src/containers/CounterContainer.js","statementMap":{"0":{"start":{"line":9,"column":21},"end":{"line":12,"column":3}},"1":{"start":{"line":14,"column":14},"end":{"line":16,"column":3}},"2":{"start":{"line":15,"column":4},"end":{"line":15,"column":64}},"3":{"start":{"line":18,"column":14},"end":{"line":20,"column":3}},"4":{"start":{"line":19,"column":4},"end":{"line":19,"column":64}},"5":{"start":{"line":22,"column":19},"end":{"line":24,"column":3}},"6":{"start":{"line":23,"column":4},"end":{"line":23,"column":20}},"7":{"start":{"line":27,"column":4},"end":{"line":34,"column":5}},"8":{"start":{"line":39,"column":2},"end":{"line":41,"column":3}}},"fnMap":{"0":{"name":"(anonymous_0)","decl":{"start":{"line":14,"column":14},"end":{"line":14,"column":15}},"loc":{"start":{"line":14,"column":20},"end":{"line":16,"column":3}},"line":14},"1":{"name":"(anonymous_1)","decl":{"start":{"line":18,"column":14},"end":{"line":18,"column":15}},"loc":{"start":{"line":18,"column":20},"end":{"line":20,"column":3}},"line":18},"2":{"name":"(anonymous_2)","decl":{"start":{"line":22,"column":19},"end":{"line":22,"column":20}},"loc":{"start":{"line":22,"column":25},"end":{"line":24,"column":3}},"line":22},"3":{"name":"(anonymous_3)","decl":{"start":{"line":26,"column":2},"end":{"line":26,"column":3}},"loc":{"start":{"line":26,"column":11},"end":{"line":35,"column":3}},"line":26},"4":{"name":"mapStateToProps","decl":{"start":{"line":38,"column":9},"end":{"line":38,"column":24}},"loc":{"start":{"line":38,"column":32},"end":{"line":42,"column":1}},"line":38}},"branchMap":{},"s":{"0":1,"1":1,"2":0,"3":1,"4":0,"5":1,"6":0,"7":1,"8":0},"f":{"0":0,"1":0,"2":0,"3":1,"4":0},"b":{},"_coverageSchema":"43e27e138ebf9cfc5966b082cf9a028302ed4184","hash":"2941b4a9cb639455754e0791d25f85e5e31d8c2d"}
,"/home/alexey/fullstak/2019-2-Atom-Frontend-A-Lyashenko/atom-mail/src/reducers/counter.js": {"path":"/home/alexey/fullstak/2019-2-Atom-Frontend-A-Lyashenko/atom-mail/src/reducers/counter.js","statementMap":{"0":{"start":{"line":3,"column":21},"end":{"line":3,"column":22}},"1":{"start":{"line":6,"column":2},"end":{"line":13,"column":3}},"2":{"start":{"line":8,"column":6},"end":{"line":8,"column":22}},"3":{"start":{"line":10,"column":6},"end":{"line":10,"column":22}},"4":{"start":{"line":12,"column":6},"end":{"line":12,"column":18}}},"fnMap":{"0":{"name":"counter","decl":{"start":{"line":5,"column":24},"end":{"line":5,"column":31}},"loc":{"start":{"line":5,"column":62},"end":{"line":14,"column":1}},"line":5}},"branchMap":{"0":{"loc":{"start":{"line":5,"column":32},"end":{"line":5,"column":52}},"type":"default-arg","locations":[{"start":{"line":5,"column":40},"end":{"line":5,"column":52}}],"line":5},"1":{"loc":{"start":{"line":6,"column":2},"end":{"line":13,"column":3}},"type":"switch","locations":[{"start":{"line":7,"column":4},"end":{"line":8,"column":22}},{"start":{"line":9,"column":4},"end":{"line":10,"column":22}},{"start":{"line":11,"column":4},"end":{"line":12,"column":18}}],"line":6}},"s":{"0":1,"1":3,"2":0,"3":0,"4":3},"f":{"0":3},"b":{"0":[3],"1":[0,0,3]},"_coverageSchema":"43e27e138ebf9cfc5966b082cf9a028302ed4184","hash":"20d4892b73bcd73c0df5381916c2a21f0e9a39f1"}
,"/home/alexey/fullstak/2019-2-Atom-Frontend-A-Lyashenko/atom-mail/src/reducers/index.js": {"path":"/home/alexey/fullstak/2019-2-Atom-Frontend-A-Lyashenko/atom-mail/src/reducers/index.js","statementMap":{"0":{"start":{"line":4,"column":20},"end":{"line":6,"column":2}}},"fnMap":{},"branchMap":{},"s":{"0":1},"f":{},"b":{},"_coverageSchema":"43e27e138ebf9cfc5966b082cf9a028302ed4184","hash":"979e0b768f21b2fe6c081ec3aca851f02ef8ecda"}
,"/home/alexey/fullstak/2019-2-Atom-Frontend-A-Lyashenko/atom-mail/src/store/index.js": {"path":"/home/alexey/fullstak/2019-2-Atom-Frontend-A-Lyashenko/atom-mail/src/store/index.js","statementMap":{"0":{"start":{"line":1,"column":27},"end":{"line":3,"column":25}},"1":{"start":{"line":6,"column":0},"end":{"line":6,"column":24}}},"fnMap":{},"branchMap":{"0":{"loc":{"start":{"line":1,"column":27},"end":{"line":3,"column":25}},"type":"cond-expr","locations":[{"start":{"line":2,"column":4},"end":{"line":2,"column":26}},{"start":{"line":3,"column":4},"end":{"line":3,"column":25}}],"line":1}},"s":{"0":1,"1":1},"f":{},"b":{"0":[0,1]},"_coverageSchema":"43e27e138ebf9cfc5966b082cf9a028302ed4184","hash":"7d1b3af6eff59a5f3b58f24ddb653bbf2a749113"}
,"/home/alexey/fullstak/2019-2-Atom-Frontend-A-Lyashenko/atom-mail/src/store/storeDev.js": {"path":"/home/alexey/fullstak/2019-2-Atom-Frontend-A-Lyashenko/atom-mail/src/store/storeDev.js","statementMap":{"0":{"start":{"line":7,"column":22},"end":{"line":7,"column":34}},"1":{"start":{"line":8,"column":20},"end":{"line":11,"column":3}},"2":{"start":{"line":12,"column":27},"end":{"line":15,"column":4}},"3":{"start":{"line":16,"column":16},"end":{"line":16,"column":86}},"4":{"start":{"line":17,"column":2},"end":{"line":24,"column":3}},"5":{"start":{"line":19,"column":4},"end":{"line":23,"column":6}},"6":{"start":{"line":21,"column":26},"end":{"line":21,"column":56}},"7":{"start":{"line":22,"column":6},"end":{"line":22,"column":39}},"8":{"start":{"line":26,"column":2},"end":{"line":26,"column":14}}},"fnMap":{"0":{"name":"configureStore","decl":{"start":{"line":6,"column":24},"end":{"line":6,"column":38}},"loc":{"start":{"line":6,"column":58},"end":{"line":27,"column":1}},"line":6},"1":{"name":"(anonymous_1)","decl":{"start":{"line":19,"column":37},"end":{"line":19,"column":38}},"loc":{"start":{"line":19,"column":43},"end":{"line":23,"column":5}},"line":19}},"branchMap":{"0":{"loc":{"start":{"line":6,"column":39},"end":{"line":6,"column":56}},"type":"default-arg","locations":[{"start":{"line":6,"column":54},"end":{"line":6,"column":56}}],"line":6},"1":{"loc":{"start":{"line":17,"column":2},"end":{"line":24,"column":3}},"type":"if","locations":[{"start":{"line":17,"column":2},"end":{"line":24,"column":3}},{"start":{"line":17,"column":2},"end":{"line":24,"column":3}}],"line":17}},"s":{"0":1,"1":1,"2":1,"3":1,"4":1,"5":0,"6":0,"7":0,"8":1},"f":{"0":1,"1":0},"b":{"0":[1],"1":[0,1]},"_coverageSchema":"43e27e138ebf9cfc5966b082cf9a028302ed4184","hash":"a08ee0211e19ded117d5ba369bd1e5776b0c20ef"}
}
