TN:
SF:/home/alexey/fullstak/2019-2-Atom-Frontend-A-Lyashenko/atom-mail/convertBytesToHuman.js
FN:16,convertBytesToHuman
FNF:1
FNH:1
FNDA:20,convertBytesToHuman
DA:17,20
DA:18,20
DA:19,20
DA:20,1
DA:22,19
DA:24,8
DA:27,11
DA:28,15
DA:29,15
DA:31,11
DA:32,8
DA:35,3
LF:12
LH:12
BRDA:19,0,0,1
BRDA:19,0,1,19
BRDA:22,1,0,8
BRDA:22,1,1,11
BRDA:22,2,0,19
BRDA:22,2,1,17
BRDA:22,2,2,15
BRDA:22,2,3,13
BRDA:22,2,4,11
BRDA:31,3,0,8
BRDA:31,3,1,3
BRF:11
BRH:11
end_of_record
TN:
SF:/home/alexey/fullstak/2019-2-Atom-Frontend-A-Lyashenko/atom-mail/correctSentence.js
FN:20,correctSentence
FNF:1
FNH:1
FNDA:3,correctSentence
DA:22,3
DA:23,3
DA:24,2
DA:27,1
LF:4
LH:4
BRDA:23,0,0,2
BRDA:23,0,1,1
BRF:2
BRH:2
end_of_record
TN:
SF:/home/alexey/fullstak/2019-2-Atom-Frontend-A-Lyashenko/atom-mail/nonUniqueElements.js
FN:27,nonUniqueElements
FNF:1
FNH:1
FNDA:4,nonUniqueElements
DA:29,4
DA:30,4
DA:31,4
DA:32,4
DA:33,21
DA:34,21
DA:36,21
DA:39,7
DA:40,7
DA:43,4
LF:10
LH:10
BRDA:36,0,0,14
BRDA:36,0,1,7
BRDA:36,1,0,21
BRDA:36,1,1,12
BRF:4
BRH:4
end_of_record
TN:
SF:/home/alexey/fullstak/2019-2-Atom-Frontend-A-Lyashenko/atom-mail/src/actions/counter.js
FN:4,incrementIfOdd
FNF:1
FNH:0
FNDA:0,incrementIfOdd
DA:5,0
DA:6,0
DA:7,0
LF:3
LH:0
BRDA:6,0,0,0
BRDA:6,0,1,0
BRF:2
BRH:0
end_of_record
TN:
SF:/home/alexey/fullstak/2019-2-Atom-Frontend-A-Lyashenko/atom-mail/src/components/Counter.js
FN:9,Counter
FNF:1
FNH:1
FNDA:1,Counter
DA:5,1
DA:10,1
DA:24,1
LF:3
LH:3
BRF:0
BRH:0
end_of_record
TN:
SF:/home/alexey/fullstak/2019-2-Atom-Frontend-A-Lyashenko/atom-mail/src/constants/ActionTypes.js
FNF:0
FNH:0
LF:0
LH:0
BRF:0
BRH:0
end_of_record
TN:
SF:/home/alexey/fullstak/2019-2-Atom-Frontend-A-Lyashenko/atom-mail/src/containers/CounterContainer.js
FN:14,(anonymous_0)
FN:18,(anonymous_1)
FN:22,(anonymous_2)
FN:26,(anonymous_3)
FN:38,mapStateToProps
FNF:5
FNH:1
FNDA:0,(anonymous_0)
FNDA:0,(anonymous_1)
FNDA:0,(anonymous_2)
FNDA:1,(anonymous_3)
FNDA:0,mapStateToProps
DA:9,1
DA:14,1
DA:15,0
DA:18,1
DA:19,0
DA:22,1
DA:23,0
DA:27,1
DA:39,0
LF:9
LH:5
BRF:0
BRH:0
end_of_record
TN:
SF:/home/alexey/fullstak/2019-2-Atom-Frontend-A-Lyashenko/atom-mail/src/reducers/counter.js
FN:5,counter
FNF:1
FNH:1
FNDA:3,counter
DA:3,1
DA:6,3
DA:8,0
DA:10,0
DA:12,3
LF:5
LH:3
BRDA:5,0,0,3
BRDA:6,1,0,0
BRDA:6,1,1,0
BRDA:6,1,2,3
BRF:4
BRH:2
end_of_record
TN:
SF:/home/alexey/fullstak/2019-2-Atom-Frontend-A-Lyashenko/atom-mail/src/reducers/index.js
FNF:0
FNH:0
DA:4,1
LF:1
LH:1
BRF:0
BRH:0
end_of_record
TN:
SF:/home/alexey/fullstak/2019-2-Atom-Frontend-A-Lyashenko/atom-mail/src/store/index.js
FNF:0
FNH:0
DA:1,1
DA:6,1
LF:2
LH:2
BRDA:1,0,0,0
BRDA:1,0,1,1
BRF:2
BRH:1
end_of_record
TN:
SF:/home/alexey/fullstak/2019-2-Atom-Frontend-A-Lyashenko/atom-mail/src/store/storeDev.js
FN:6,configureStore
FN:19,(anonymous_1)
FNF:2
FNH:1
FNDA:1,configureStore
FNDA:0,(anonymous_1)
DA:7,1
DA:8,1
DA:12,1
DA:16,1
DA:17,1
DA:19,0
DA:21,0
DA:22,0
DA:26,1
LF:9
LH:6
BRDA:6,0,0,1
BRDA:17,1,0,0
BRDA:17,1,1,1
BRF:3
BRH:2
end_of_record
